time="2022-02-05T12:13:14+03:00" level=fatal msg=0x4b6dc0 func="main.go:23" file="main.init.0()"
time="2022-02-05T12:14:06+03:00" level=fatal msg=0x4b6dc0 func="main.go:23" file="main.init.0()"
time="2022-02-05T13:15:14+03:00" level=error msg="Error creating C:/Users/Евгений/Code/github.com/eugenefoxx/savePictureAOIMertec/internal/folder/saveFoto/2AQC622457019706/" func="main.go:54" file="main.main()"
time="2022-02-05T13:15:14+03:00" level=error msg="open C:/Users/Евгений/Code/github.com/eugenefoxx/savePictureAOIMertec/internal/folder/saveFoto/2AQC622457019706/2AQC622457019706-time-2022-02-05 13:15:14.jpg: The filename, directory name, or volume label syntax is incorrect." func="main.go:55" file="main.main()"
time="2022-02-05T13:25:59+03:00" level=error msg="Error creating C:\\Users\\Евгений\\Code\\github.com\\eugenefoxx\\savePictureAOIMertec\\internal\\folder\\saveFoto\\2AQC622457019706" func="main.go:55" file="main.main()"
time="2022-02-05T13:25:59+03:00" level=error msg="open C:\\Users\\Евгений\\Code\\github.com\\eugenefoxx\\savePictureAOIMertec\\internal\\folder\\saveFoto\\2AQC6224570197062AQC622457019706-time-2022-02-05 13:25:59.jpg: The filename, directory name, or volume label syntax is incorrect." func="main.go:56" file="main.main()"
time="2022-02-05T13:29:48+03:00" level=error msg="Error creating C:/Users/Евгений/Code/github.com/eugenefoxx/savePictureAOIMertec/internal/folder/saveFoto/2AQC622457019706/" func="main.go:55" file="main.main()"
time="2022-02-05T13:29:48+03:00" level=error msg="open C:\\Users\\Евгений\\Code\\github.com\\eugenefoxx\\savePictureAOIMertec\\internal\\folder\\saveFoto\\2AQC6224570197062AQC622457019706-time-2022-02-05 13:29:48.jpg: The filename, directory name, or volume label syntax is incorrect." func="main.go:56" file="main.main()"
time="2022-02-05T13:31:06+03:00" level=error msg="read C:\\Users\\Евгений\\Code\\github.com\\eugenefoxx\\savePictureAOIMertec\\internal\\folder\\metrec: The handle is invalid." func="main.go:39" file="main.main()"
time="2022-02-05T13:31:50+03:00" level=error msg="Error creating C:/Users/Евгений/Code/github.com/eugenefoxx/savePictureAOIMertec/internal/folder/saveFoto/2AQC622457019706/" func="main.go:54" file="main.main()"
time="2022-02-05T13:31:50+03:00" level=error msg="open C:/Users/Евгений/Code/github.com/eugenefoxx/savePictureAOIMertec/internal/folder/saveFoto/2AQC622457019706/2AQC622457019706-time-2022-02-05 13:31:50.jpg: The filename, directory name, or volume label syntax is incorrect." func="main.go:55" file="main.main()"
time="2022-02-05T13:34:01+03:00" level=error msg="Error creating C:\\Users\\Евгений\\Code\\github.com\\eugenefoxx\\savePictureAOIMertec\\internal\\folder\\saveFoto\\2AQC622457019706" func="main.go:55" file="main.main()"
time="2022-02-05T13:34:01+03:00" level=error msg="open C:\\Users\\Евгений\\Code\\github.com\\eugenefoxx\\savePictureAOIMertec\\internal\\folder\\saveFoto\\2AQC6224570197062AQC622457019706-time-2022-02-05 13:34:01.jpg: The filename, directory name, or volume label syntax is incorrect." func="main.go:56" file="main.main()"
time="2022-02-05T13:55:59+03:00" level=error msg="Error creating C:\\Users\\Евгений\\Code\\github.com\\eugenefoxx\\savePictureAOIMertec\\internal\\folder\\saveFoto\\2AQC622457019706" func="main.go:57" file="main.main()"
time="2022-02-05T13:55:59+03:00" level=error msg="open C:\nUsers\nЕвгений\nCode\ngithub.com\neugenefoxx\nsavePictureAOIMertec\ninternal\nfolder\nsaveFoto\n2AQC6224570197062AQC622457019706-time-2022-02-05 13:55:59.jpg: The filename, directory name, or volume label syntax is incorrect." func="main.go:58" file="main.main()"
time="2022-02-05T13:58:43+03:00" level=error msg="Error creating C:\\Users\\Евгений\\Code\\github.com\\eugenefoxx\\savePictureAOIMertec\\internal\\folder\\saveFoto\\2AQC622457019706" func="main.go:57" file="main.main()"
time="2022-02-05T13:58:43+03:00" level=error msg="open C:/Users/Евгений/Code/github.com/eugenefoxx/savePictureAOIMertec/internal/folder/saveFoto/2AQC6224570197062AQC622457019706-time-2022-02-05 13:58:43.jpg: The filename, directory name, or volume label syntax is incorrect." func="main.go:58" file="main.main()"
time="2022-02-05T13:59:22+03:00" level=error msg="Error creating C:\\Users\\Евгений\\Code\\github.com\\eugenefoxx\\savePictureAOIMertec\\internal\\folder\\saveFoto\\2AQC622457019706" func="main.go:57" file="main.main()"
time="2022-02-05T13:59:22+03:00" level=error msg="open C:/Users/Евгений/Code/github.com/eugenefoxx/savePictureAOIMertec/internal/folder/saveFoto2AQC622457019706-time-2022-02-05 13:59:22.jpg: The filename, directory name, or volume label syntax is incorrect." func="main.go:58" file="main.main()"
time="2022-02-05T14:00:13+03:00" level=error msg="Error creating C:\\Users\\Евгений\\Code\\github.com\\eugenefoxx\\savePictureAOIMertec\\internal\\folder\\saveFoto\\2AQC622457019706" func="main.go:57" file="main.main()"
time="2022-02-05T14:00:13+03:00" level=error msg="open C:\\Users\\Евгений\\Code\\github.com\\eugenefoxx\\savePictureAOIMertec\\internal\\folder\\saveFoto2AQC622457019706-time-2022-02-05 14:00:13.jpg: The filename, directory name, or volume label syntax is incorrect." func="main.go:58" file="main.main()"
time="2022-02-05T14:01:33+03:00" level=error msg="Error creating C:/Users/Евгений/Code/github.com/eugenefoxx/savePictureAOIMertec/internal/folder/saveFoto/2AQC622457019706/" func="main.go:55" file="main.main()"
time="2022-02-05T14:01:33+03:00" level=error msg="open C:/Users/Евгений/Code/github.com/eugenefoxx/savePictureAOIMertec/internal/folder/saveFoto/2AQC622457019706/2AQC622457019706-time-2022-02-05 14:01:33.jpg: The filename, directory name, or volume label syntax is incorrect." func="main.go:56" file="main.main()"
time="2022-02-05T14:02:10+03:00" level=error msg="Error creating C:/Users/Евгений/Code/github.com/eugenefoxx/savePictureAOIMertec/internal/folder/saveFoto/2AQC622457019706/" func="main.go:56" file="main.main()"
time="2022-02-05T14:02:10+03:00" level=error msg="open C:\\Users\\Евгений\\Code\\github.com\\eugenefoxx\\savePictureAOIMertec\\internal\\folder\\saveFoto\\2AQC6224570197062AQC622457019706-time-2022-02-05 14:02:10.jpg: The filename, directory name, or volume label syntax is incorrect." func="main.go:57" file="main.main()"
time="2022-02-05T14:02:46+03:00" level=error msg="Error creating C:\\Users\\Евгений\\Code\\github.com\\eugenefoxx\\savePictureAOIMertec\\internal\\folder\\saveFoto\\2AQC622457019706" func="main.go:56" file="main.main()"
time="2022-02-05T14:02:46+03:00" level=error msg="open C:\\Users\\Евгений\\Code\\github.com\\eugenefoxx\\savePictureAOIMertec\\internal\\folder\\saveFoto\\2AQC6224570197062AQC622457019706-time-2022-02-05 14:02:46.jpg: The filename, directory name, or volume label syntax is incorrect." func="main.go:57" file="main.main()"
time="2022-02-05T14:06:14+03:00" level=error msg="Error creating C:\\Users\\Евгений\\Code\\github.com\\eugenefoxx\\savePictureAOIMertec\\internal\\folder\\saveFoto\\2AQC622457019706" func="main.go:57" file="main.main()"
time="2022-02-05T14:06:15+03:00" level=error msg="open C:\\Users\\Евгений\\Code\\github.com\\eugenefoxx\\savePictureAOIMertec\\internal\\folder\\saveFoto\\2AQC6224570197062AQC622457019706-time-2022-02-05 14:06:14.jpg: The filename, directory name, or volume label syntax is incorrect." func="main.go:58" file="main.main()"
time="2022-02-05T14:10:35+03:00" level=error msg="Error creating C:\\Users\\Евгений\\Code\\github.com\\eugenefoxx\\savePictureAOIMertec\\internal\\folder\\saveFoto\\2AQC622457019706" func="main.go:56" file="main.main()"
time="2022-02-05T14:10:35+03:00" level=error msg="open C:\\Users\\Евгений\\Code\\github.com\\eugenefoxx\\savePictureAOIMertec\\internal\\folder\\saveFoto\\2AQC6224570197062AQC622457019706-time-2022-02-05 14:10:35.jpg: The filename, directory name, or volume label syntax is incorrect." func="main.go:57" file="main.main()"
time="2022-02-05T14:11:45+03:00" level=error msg="Error creating C:/Users/Евгений/Code/github.com/eugenefoxx/savePictureAOIMertec/internal/folder/saveFoto/2AQC622457019706/" func="main.go:56" file="main.main()"
time="2022-02-05T14:11:45+03:00" level=error msg="open C:\\Users\\Евгений\\Code\\github.com\\eugenefoxx\\savePictureAOIMertec\\internal\\folder\\saveFoto\\2AQC6224570197062AQC622457019706-time-2022-02-05 14:11:45.jpg: The filename, directory name, or volume label syntax is incorrect." func="main.go:57" file="main.main()"
time="2022-02-05T14:19:23+03:00" level=error msg="Error creating C:/Users/Евгений/Code/github.com/eugenefoxx/savePictureAOIMertec/internal/folder/saveFoto/2AQC622457019706/" func="main.go:59" file="main.main()"
time="2022-02-05T14:19:23+03:00" level=error msg="open C:\\Users\\Евгений\\Code\\github.com\\eugenefoxx\\savePictureAOIMertec\\internal\\folder\\saveFoto\\2AQC6224570197062AQC622457019706-time-2022-02-05 14:19:23.jpg: The filename, directory name, or volume label syntax is incorrect." func="main.go:60" file="main.main()"
time="2022-02-05T14:20:09+03:00" level=error msg="Error creating C:/Users/Евгений/Code/github.com/eugenefoxx/savePictureAOIMertec/internal/folder/saveFoto/2AQC622457019706/" func="main.go:59" file="main.main()"
time="2022-02-05T14:20:09+03:00" level=error msg="open C:\\Users\\Евгений\\Code\\github.com\\eugenefoxx\\savePictureAOIMertec\\internal\\folder\\saveFoto\\2AQC622457019706\\2AQC622457019706-time-2022-02-05 14:20:08.jpg: The filename, directory name, or volume label syntax is incorrect." func="main.go:60" file="main.main()"
time="2022-02-05T14:21:08+03:00" level=error msg="Error creating C:/Users/Евгений/Code/github.com/eugenefoxx/savePictureAOIMertec/internal/folder/saveFoto/2AQC622457019706/" func="main.go:62" file="main.main()"
time="2022-02-05T14:21:08+03:00" level=error msg="open C:/Users/Евгений/Code/github.com/eugenefoxx/savePictureAOIMertec/internal/folder/saveFoto/2AQC622457019706/2AQC622457019706-time-2022-02-05 14:21:08.jpg: The filename, directory name, or volume label syntax is incorrect." func="main.go:63" file="main.main()"
time="2022-02-05T14:21:29+03:00" level=error msg="Error creating C:/Users/Евгений/Code/github.com/eugenefoxx/savePictureAOIMertec/internal/folder/saveFoto/2AQC622457019706/" func="main.go:62" file="main.main()"
time="2022-02-05T14:21:29+03:00" level=error msg="open C:\\Users\\Евгений\\Code\\github.com\\eugenefoxx\\savePictureAOIMertec\\internal\\folder\\saveFoto\\2AQC622457019706\\2AQC622457019706-time-2022-02-05 14:21:29.jpg: The filename, directory name, or volume label syntax is incorrect." func="main.go:63" file="main.main()"
time="2022-02-05T14:24:59+03:00" level=error msg="Error creating C:\\Users\\Евгений\\Code\\github.com\\eugenefoxx\\savePictureAOIMertec\\internal\\folder\\saveFoto\\2AQC622457019706/" func="main.go:62" file="main.main()"
time="2022-02-05T14:24:59+03:00" level=error msg="open C:\\Users\\Евгений\\Code\\github.com\\eugenefoxx\\savePictureAOIMertec\\internal\\folder\\saveFoto\\2AQC622457019706/2AQC622457019706-time-2022-02-05 14:24:59.jpg: The filename, directory name, or volume label syntax is incorrect." func="main.go:63" file="main.main()"
time="2022-02-05T14:28:54+03:00" level=error msg="Error creating C:\\Users\\Евгений\\Code\\github.com\\eugenefoxx\\savePictureAOIMertec\\internal\\folder\\saveFoto\\2AQC622457019706/" func="main.go:62" file="main.main()"
time="2022-02-05T14:28:55+03:00" level=error msg="open C:\\Users\\Евгений\\Code\\github.com\\eugenefoxx\\savePictureAOIMertec\\internal\\folder\\saveFoto\\2AQC622457019706\\2AQC622457019706-time-2022-02-05 14:28:54.jpg: The filename, directory name, or volume label syntax is incorrect." func="main.go:63" file="main.main()"
time="2022-02-05T14:33:54+03:00" level=error msg="Error creating C:\\Users\\Евгений\\Code\\github.com\\eugenefoxx\\savePictureAOIMertec\\internal\\folder\\saveFoto\\2AQC622457019706/" func="main.go:62" file="main.main()"
time="2022-02-05T14:33:54+03:00" level=error msg="open C:\\Users\\Евгений\\Code\\github.com\\eugenefoxx\\savePictureAOIMertec\\internal\\folder\\saveFoto\\2AQC622457019706\\2AQC622457019706-time-2022-02-05 14:33:54.jpg: The filename, directory name, or volume label syntax is incorrect." func="main.go:63" file="main.main()"
time="2022-02-05T14:35:02+03:00" level=error msg="Error creating C:\\Users\\Евгений\\Code\\github.com\\eugenefoxx\\savePictureAOIMertec\\internal\\folder\\saveFoto\\2AQC622457019706/" func="main.go:62" file="main.main()"
time="2022-02-05T14:35:02+03:00" level=error msg="open C:\\Users\\Евгений\\Code\\github.com\\eugenefoxx\\savePictureAOIMertec\\internal\\folder\\saveFoto\\2AQC622457019706/2AQC622457019706-time-2022-02-05 14:35:02.jpg: The filename, directory name, or volume label syntax is incorrect." func="main.go:63" file="main.main()"
time="2022-02-05T14:35:24+03:00" level=error msg="Error creating C:\\Users\\Евгений\\Code\\github.com\\eugenefoxx\\savePictureAOIMertec\\internal\\folder\\saveFoto\\2AQC622457019706/" func="main.go:62" file="main.main()"
time="2022-02-05T14:35:24+03:00" level=error msg="open C:\\Users\\Евгений\\Code\\github.com\\eugenefoxx\\savePictureAOIMertec\\internal\\folder\\saveFoto\\2AQC622457019706/2AQC622457019706-time-2022-02-05 14:35:24.jpg: The filename, directory name, or volume label syntax is incorrect." func="main.go:63" file="main.main()"
time="2022-02-05T14:36:26+03:00" level=error msg="Error creating C:\\Users\\Евгений\\Code\\github.com\\eugenefoxx\\savePictureAOIMertec\\internal\\folder\\saveFoto\\2AQC622457019706\\" func="main.go:62" file="main.main()"
time="2022-02-05T14:36:26+03:00" level=error msg="open C:\\Users\\Евгений\\Code\\github.com\\eugenefoxx\\savePictureAOIMertec\\internal\\folder\\saveFoto\\2AQC622457019706\\2AQC622457019706-time-2022-02-05 14:36:26.jpg: The filename, directory name, or volume label syntax is incorrect." func="main.go:63" file="main.main()"
time="2022-02-05T14:53:54+03:00" level=error msg="Error creating C:\\Users\\Евгений\\Code\\github.com\\eugenefoxx\\savePictureAOIMertec\\internal\\folder\\saveFoto\\2AQC622457019706\\" func="main.go:59" file="main.main()"
time="2022-02-05T14:53:54+03:00" level=error msg="open C:\\Users\\Евгений\\Code\\github.com\\eugenefoxx\\savePictureAOIMertec\\internal\\folder\\saveFoto\\2AQC622457019706\\2AQC622457019706-time-2022-02-05 14:53:53.jpg: The filename, directory name, or volume label syntax is incorrect." func="main.go:60" file="main.main()"
time="2022-02-05T14:54:37+03:00" level=error msg="Error creating C:\\Users\\Евгений\\Code\\github.com\\eugenefoxx\\savePictureAOIMertec\\internal\\folder\\saveFoto\\2AQC622457019706\\" func="main.go:59" file="main.main()"
time="2022-02-05T14:54:37+03:00" level=error msg="open C:\\Users\\Евгений\\Code\\github.com\\eugenefoxx\\savePictureAOIMertec\\internal\\folder\\saveFoto\\2AQC622457019706\\2AQC622457019706-time-2022-02-05 14:54:37.jpg: The filename, directory name, or volume label syntax is incorrect." func="main.go:60" file="main.main()"
time="2022-02-05T14:59:44+03:00" level=error msg="Error creating C:/Users/Евгений/Code/github.com/eugenefoxx/savePictureAOIMertec/internal/folder/saveFoto/2AQC622457019706\\" func="main.go:59" file="main.main()"
time="2022-02-05T14:59:44+03:00" level=error msg="open C:\\Users\\Евгений\\Code\\github.com\\eugenefoxx\\savePictureAOIMertec\\internal\\folder\\saveFoto\\2AQC622457019706\\2AQC622457019706-time-2022-02-05 14:59:44.jpg: The filename, directory name, or volume label syntax is incorrect." func="main.go:60" file="main.main()"
time="2022-02-05T15:00:48+03:00" level=error msg="Error creating C:/Users/Евгений/Code/github.com/eugenefoxx/savePictureAOIMertec/internal/folder/saveFoto/2AQC622457019706/" func="main.go:59" file="main.main()"
time="2022-02-05T15:00:48+03:00" level=error msg="open C:\\Users\\Евгений\\Code\\github.com\\eugenefoxx\\savePictureAOIMertec\\internal\\folder\\saveFoto\\2AQC622457019706\\2AQC622457019706-time-2022-02-05 15:00:47.jpg: The filename, directory name, or volume label syntax is incorrect." func="main.go:60" file="main.main()"
time="2022-02-05T15:01:17+03:00" level=error msg="Error creating C:/Users/Евгений/Code/github.com/eugenefoxx/savePictureAOIMertec/internal/folder/saveFoto/2AQC622457019706/" func="main.go:59" file="main.main()"
time="2022-02-05T15:01:17+03:00" level=error msg="open C:/Users/Евгений/Code/github.com/eugenefoxx/savePictureAOIMertec/internal/folder/saveFoto/2AQC622457019706/2AQC622457019706-time-2022-02-05 15:01:17.jpg: The filename, directory name, or volume label syntax is incorrect." func="main.go:60" file="main.main()"
time="2022-02-05T15:01:31+03:00" level=error msg="Error creating C:/Users/Евгений/Code/github.com/eugenefoxx/savePictureAOIMertec/internal/folder/saveFoto/2AQC622457019706/" func="main.go:59" file="main.main()"
time="2022-02-05T15:01:31+03:00" level=error msg="open C:/Users/Евгений/Code/github.com/eugenefoxx/savePictureAOIMertec/internal/folder/saveFoto/2AQC622457019706/2AQC622457019706-time-2022-02-05 15:01:31.jpg: The filename, directory name, or volume label syntax is incorrect." func="main.go:60" file="main.main()"
time="2022-02-05T15:04:24+03:00" level=error msg="Error creating C:/Users/Евгений/Code/github.com/eugenefoxx/savePictureAOIMertec/internal/folder/saveFoto/2AQC622457019706/" func="main.go:59" file="main.main()"
time="2022-02-05T15:04:24+03:00" level=error msg="open C:/Users/Евгений/Code/github.com/eugenefoxx/savePictureAOIMertec/internal/folder/saveFoto/2AQC622457019706/2AQC622457019706-time-2022-02-05 15:04:24.jpg: The filename, directory name, or volume label syntax is incorrect." func="main.go:60" file="main.main()"
time="2022-02-05T15:06:20+03:00" level=error msg="Error creating C:/Users/Евгений/Code/github.com/eugenefoxx/savePictureAOIMertec/internal/folder/saveFoto/2AQC622457019706/" func="main.go:71" file="main.main()"
time="2022-02-05T15:06:20+03:00" level=error msg="open C:/Users/Евгений/Code/github.com/eugenefoxx/savePictureAOIMertec/internal/folder/saveFoto/2AQC622457019706/2AQC622457019706-time-2022-02-05 15:06:20.jpg: The filename, directory name, or volume label syntax is incorrect." func="main.go:72" file="main.main()"
time="2022-02-05T15:07:13+03:00" level=error msg="Error creating C:/Users/Евгений/Code/github.com/eugenefoxx/savePictureAOIMertec/internal/folder/saveFoto/2AQC622457019706/" func="main.go:71" file="main.main()"
time="2022-02-05T15:07:13+03:00" level=error msg="open C:/Users/Евгений/Code/github.com/eugenefoxx/savePictureAOIMertec/internal/folder/saveFoto/2AQC622457019706/2AQC622457019706-time-2022-02-05 15:07:13.jpg: The filename, directory name, or volume label syntax is incorrect." func="main.go:72" file="main.main()"
time="2022-02-05T15:10:14+03:00" level=error msg="Error creating C:/Users/Евгений/Code/github.com/eugenefoxx/savePictureAOIMertec/internal/folder/saveFoto/2AQC622457019706/" func="main.go:71" file="main.main()"
time="2022-02-05T15:10:14+03:00" level=error msg="open C:/Users/Евгений/Code/github.com/eugenefoxx/savePictureAOIMertec/internal/folder/saveFoto/2AQC622457019706/2AQC622457019706-time-2022-02-05 15:10:14.jpg: The filename, directory name, or volume label syntax is incorrect." func="main.go:72" file="main.main()"
time="2022-02-05T15:15:09+03:00" level=error msg="Error creating C:/Users/Евгений/Code/github.com/eugenefoxx/savePictureAOIMertec/internal/folder/saveFoto/2AQC622457019706/" func="main.go:72" file="main.main()"
time="2022-02-05T15:15:09+03:00" level=error msg="open C:/Users/Евгений/Code/github.com/eugenefoxx/savePictureAOIMertec/internal/folder/saveFoto/2AQC622457019706/fff2022-02-05 15:15:09.jpg: The filename, directory name, or volume label syntax is incorrect." func="main.go:73" file="main.main()"
time="2022-02-05T15:21:24+03:00" level=error msg="Error creating C:/Users/Евгений/Code/github.com/eugenefoxx/savePictureAOIMertec/internal/folder/saveFoto/2AQC622457019706/" func="main.go:56" file="main.main()"
time="2022-02-05T15:21:24+03:00" level=error msg="open C:/Users/Евгений/Code/github.com/eugenefoxx/savePictureAOIMertec/internal/folder/saveFoto/2AQC622457019706/2AQC622457019706-time-2022-02-05 15:21:24.jpg: The filename, directory name, or volume label syntax is incorrect." func="main.go:57" file="main.main()"
time="2022-02-05T15:24:56+03:00" level=error msg="Error creating C:/Users/Евгений/Code/github.com/eugenefoxx/savePictureAOIMertec/internal/folder/saveFoto/2AQC622457019706/" func="main.go:57" file="main.main()"
time="2022-02-05T15:24:56+03:00" level=error msg="open C:/Users/Евгений/Code/github.com/eugenefoxx/savePictureAOIMertec/internal/folder/saveFoto/2AQC622457019706/2AQC622457019706-time-2022-02-05 15:24:56.jpg: The filename, directory name, or volume label syntax is incorrect." func="main.go:58" file="main.main()"
time="2022-02-05T15:25:14+03:00" level=error msg="Error creating C:/Users/Евгений/Code/github.com/eugenefoxx/savePictureAOIMertec/internal/folder/saveFoto/2AQC622457019706/" func="main.go:57" file="main.main()"
time="2022-02-05T15:25:14+03:00" level=error msg="open C:/Users/Евгений/Code/github.com/eugenefoxx/savePictureAOIMertec/internal/folder/saveFoto/2AQC622457019706/2AQC622457019706-time-2022-02-05 15:25:14.jpg: The filename, directory name, or volume label syntax is incorrect." func="main.go:58" file="main.main()"
time="2022-02-05T15:25:38+03:00" level=error msg="Error creating C:/Users/Евгений/Code/github.com/eugenefoxx/savePictureAOIMertec/internal/folder/saveFoto/2AQC622457019706/" func="main.go:57" file="main.main()"
time="2022-02-05T15:25:38+03:00" level=error msg="open C:/Users/Евгений/Code/github.com/eugenefoxx/savePictureAOIMertec/internal/folder/saveFoto/2AQC622457019706/2AQC622457019706-time-2022-02-05 15:25:38.jpg: The filename, directory name, or volume label syntax is incorrect." func="main.go:58" file="main.main()"
time="2022-02-05T15:29:59+03:00" level=error msg="Error creating C:/Users/Евгений/Code/github.com/eugenefoxx/savePictureAOIMertec/internal/folder/saveFoto/2AQC622457019706/" func="main.go:58" file="main.main()"
time="2022-02-05T15:29:59+03:00" level=error msg="open C:/Users/Евгений/Code/github.com/eugenefoxx/savePictureAOIMertec/internal/folder/saveFoto/2AQC622457019706/2AQC622457019706-time-2022-02-05 15:29:59.jpg: The filename, directory name, or volume label syntax is incorrect." func="main.go:59" file="main.main()"
time="2022-02-05T15:32:07+03:00" level=error msg="Error creating C:/Users/Евгений/Code/github.com/eugenefoxx/savePictureAOIMertec/internal/folder/saveFoto/2AQC622457019706/" func="main.go:58" file="main.main()"
time="2022-02-05T15:32:07+03:00" level=error msg="open C:/Users/Евгений/Code/github.com/eugenefoxx/savePictureAOIMertec/internal/folder/saveFoto/2AQC622457019706/2AQC622457019706-time-2022-02-05 15:32:07qwqw.jpg: The filename, directory name, or volume label syntax is incorrect." func="main.go:59" file="main.main()"
time="2022-02-05T15:33:04+03:00" level=error msg="Error creating C:/Users/Евгений/Code/github.com/eugenefoxx/savePictureAOIMertec/internal/folder/saveFoto/2AQC622457019706/" func="main.go:58" file="main.main()"
time="2022-02-05T15:33:04+03:00" level=error msg="open C:/Users/Евгений/Code/github.com/eugenefoxx/savePictureAOIMertec/internal/folder/saveFoto/2AQC622457019706/2AQC622457019706-time-2022-02-05 15:33:04\nqwqw.jpg: The filename, directory name, or volume label syntax is incorrect." func="main.go:59" file="main.main()"
time="2022-02-05T15:33:19+03:00" level=error msg="Error creating C:/Users/Евгений/Code/github.com/eugenefoxx/savePictureAOIMertec/internal/folder/saveFoto/2AQC622457019706/" func="main.go:58" file="main.main()"
time="2022-02-05T15:33:19+03:00" level=error msg="open C:/Users/Евгений/Code/github.com/eugenefoxx/savePictureAOIMertec/internal/folder/saveFoto/2AQC622457019706/2AQC622457019706-time-2022-02-05 15:33:19qwqw.jpg: The filename, directory name, or volume label syntax is incorrect." func="main.go:59" file="main.main()"
time="2022-02-05T15:33:40+03:00" level=error msg="Error creating C:/Users/Евгений/Code/github.com/eugenefoxx/savePictureAOIMertec/internal/folder/saveFoto/2AQC622457019706/" func="main.go:58" file="main.main()"
time="2022-02-05T15:33:40+03:00" level=error msg="open C:/Users/Евгений/Code/github.com/eugenefoxx/savePictureAOIMertec/internal/folder/saveFoto/2AQC622457019706/2AQC622457019706-time-2022-02-05 15:33:40qwqw.jpg: The filename, directory name, or volume label syntax is incorrect." func="main.go:59" file="main.main()"
time="2022-02-05T15:42:46+03:00" level=error msg="Error creating C:/Users/Евгений/Code/github.com/eugenefoxx/savePictureAOIMertec/internal/folder/saveFoto/2AQC622457019706/" func="main.go:61" file="main.main()"
time="2022-02-05T15:42:46+03:00" level=error msg="open C:/Users/Евгений/Code/github.com/eugenefoxx/savePictureAOIMertec/internal/folder/saveFoto/2AQC622457019706/2AQC622457019706-time-2022-02-05 15:42:46qwqw.jpg: The filename, directory name, or volume label syntax is incorrect." func="main.go:62" file="main.main()"
time="2022-02-06T12:37:47+03:00" level=info msg="Запускаем конфигурацию переменной окружения." func="main.go:46" file="main.init.0()"
time="2022-02-06T12:42:41+03:00" level=info msg="Запускаем конфигурацию переменной окружения." func="main.go:46" file="main.init.0()"
time="2022-02-06T13:07:18+03:00" level=info msg="Запускаем конфигурацию переменной окружения." func="main.go:46" file="main.init.0()"
time="2022-02-06T13:12:48+03:00" level=info msg="Запускаем конфигурацию переменной окружения." func="main.go:46" file="main.init.0()"
time="2022-02-06T13:36:08+03:00" level=info msg="Запускаем конфигурацию переменной окружения." func="main.go:46" file="main.init.0()"
time="2022-02-06T13:37:48+03:00" level=info msg="Запускаем конфигурацию переменной окружения." func="main.go:46" file="main.init.0()"
time="2022-02-06T13:38:03+03:00" level=info msg="Запускаем конфигурацию переменной окружения." func="main.go:46" file="main.init.0()"
time="2022-02-06T13:38:59+03:00" level=info msg="Запускаем конфигурацию переменной окружения." func="main.go:46" file="main.init.0()"
time="2022-02-06T13:40:13+03:00" level=info msg="Запускаем конфигурацию переменной окружения." func="main.go:46" file="main.init.0()"
time="2022-02-06T13:41:07+03:00" level=info msg="Запускаем конфигурацию переменной окружения." func="main.go:46" file="main.init.0()"
time="2022-02-06T13:44:01+03:00" level=info msg="Запускаем конфигурацию переменной окружения." func="main.go:46" file="main.init.0()"
time="2022-02-06T13:46:32+03:00" level=info msg="Запускаем конфигурацию переменной окружения." func="main.go:46" file="main.init.0()"
time="2022-02-06T13:51:09+03:00" level=info msg="Запускаем конфигурацию переменной окружения." func="main.go:46" file="main.init.0()"
time="2022-02-06T13:53:40+03:00" level=info msg="Запускаем конфигурацию переменной окружения." func="main.go:46" file="main.init.0()"
time="2022-02-06T13:55:16+03:00" level=info msg="Запускаем конфигурацию переменной окружения." func="main.go:46" file="main.init.0()"
time="2022-02-06T13:58:31+03:00" level=info msg="Запускаем конфигурацию переменной окружения." func="main.go:46" file="main.init.0()"
time="2022-02-06T14:00:02+03:00" level=info msg="Запускаем конфигурацию переменной окружения." func="main.go:46" file="main.init.0()"
time="2022-02-06T14:04:17+03:00" level=info msg="Запускаем конфигурацию переменной окружения." func="main.go:46" file="main.init.0()"
time="2022-02-06T14:04:26+03:00" level=info msg=erer func="main.go:164" file="main.(*Handler).SavefotoAOI.func1()"
time="2022-02-06T14:04:31+03:00" level=info msg=erer func="main.go:164" file="main.(*Handler).SavefotoAOI.func1()"
time="2022-02-06T14:04:41+03:00" level=info msg=erer func="main.go:164" file="main.(*Handler).SavefotoAOI.func1()"
time="2022-02-06T14:09:34+03:00" level=info msg="Запускаем конфигурацию переменной окружения." func="main.go:46" file="main.init.0()"
time="2022-02-06T14:47:38+03:00" level=info msg="Запускаем конфигурацию переменной окружения." func="main.go:46" file="main.init.0()"
time="2022-02-06T14:48:44+03:00" level=info msg="Save file: C:/Users/Евгений/Code/github.com/eugenefoxx/savePictureAOIMertec/internal/folder/saveFoto/2AQC622457019711/2AQC622457019711-time-2022-02-06 14-48-44.jpg" func="main.go:168" file="main.(*Handler).SavefotoAOI.func1()"
time="2022-02-06T14:49:14+03:00" level=info msg="Save file: C:/Users/Евгений/Code/github.com/eugenefoxx/savePictureAOIMertec/internal/folder/saveFoto/2AQC622457019709/2AQC622457019709-time-2022-02-06 14-49-14.jpg" func="main.go:168" file="main.(*Handler).SavefotoAOI.func1()"
time="2022-02-06T14:50:51+03:00" level=info msg="Запускаем конфигурацию переменной окружения." func="main.go:32" file="main.init.0()"
time="2022-02-06T14:51:06+03:00" level=info msg="Save file: C:/Users/Евгений/Code/github.com/eugenefoxx/savePictureAOIMertec/internal/folder/saveFoto/2AQC622457019708/2AQC622457019708-time-2022-02-06 14-51-06.jpg" func="main.go:154" file="main.(*Handler).SavefotoAOI.func1()"
time="2022-02-06T15:28:12+03:00" level=info msg="Запускаем конфигурацию переменной окружения." func="main.go:32" file="main.init.0()"
time="2022-02-06T15:28:20+03:00" level=info msg="Save file: C:/Users/Евгений/Code/github.com/eugenefoxx/savePictureAOIMertec/internal/folder/saveFoto/2AQC622457019714/2AQC622457019714-time-2022-02-06 15-28-20.jpg" func="main.go:154" file="main.(*Handler).SavefotoAOI.func1()"
time="2022-02-06T15:50:53+03:00" level=info msg="Запускаем конфигурацию переменной окружения." func="main.go:32" file="main.init.0()"
time="2022-02-06T15:51:28+03:00" level=info msg="Save file: C:/Users/Евгений/Code/github.com/eugenefoxx/savePictureAOIMertec/internal/folder/saveFoto/2AQC622457019767/2AQC622457019767-time-2022-02-06 15-51-28.jpg" func="main.go:154" file="main.(*Handler).SavefotoAOI.func1()"
time="2022-02-06T18:02:55+03:00" level=info msg="Запускаем конфигурацию переменной окружения." func="main.go:32" file="main.init.0()"
time="2022-02-06T18:03:03+03:00" level=info msg="Save file: C:/Users/Евгений/Code/github.com/eugenefoxx/savePictureAOIMertec/internal/folder/saveFoto/2AQC622457019708/2AQC622457019708-time-2022-02-06 18-03-03.jpg" func="main.go:154" file="main.(*Handler).SavefotoAOI.func1()"
time="2022-02-06T18:06:18+03:00" level=info msg="Запускаем конфигурацию переменной окружения." func="main.go:32" file="main.init.0()"
time="2022-02-06T18:07:07+03:00" level=info msg="Запускаем конфигурацию переменной окружения." func="main.go:32" file="main.init.0()"
time="2022-02-06T18:08:13+03:00" level=info msg="Запускаем конфигурацию переменной окружения." func="main.go:32" file="main.init.0()"
time="2022-02-06T18:08:24+03:00" level=info msg="Save file: C:/Users/Евгений/Code/github.com/eugenefoxx/savePictureAOIMertec/internal/folder/saveFoto/2AQC622457019710/2AQC622457019710-time-2022-02-06 18-08-24.jpg" func="main.go:154" file="main.(*Handler).SavefotoAOI.func1()"
time="2022-02-06T18:08:46+03:00" level=info msg="Запускаем конфигурацию переменной окружения." func="main.go:32" file="main.init.0()"
time="2022-02-06T18:09:41+03:00" level=info msg="Запускаем конфигурацию переменной окружения." func="main.go:32" file="main.init.0()"
time="2022-02-06T18:10:16+03:00" level=info msg="Запускаем конфигурацию переменной окружения." func="main.go:32" file="main.init.0()"
time="2022-02-06T18:10:33+03:00" level=info msg="Save file: C:/Users/Евгений/Code/github.com/eugenefoxx/savePictureAOIMertec/internal/folder/saveFoto/2AQC622457019711/2AQC622457019711-time-2022-02-06 18-10-33.jpg" func="main.go:154" file="main.(*Handler).SavefotoAOI.func1()"
time="2022-02-06T18:10:46+03:00" level=info msg="Save file: C:/Users/Евгений/Code/github.com/eugenefoxx/savePictureAOIMertec/internal/folder/saveFoto/2AQC622457019712/2AQC622457019712-time-2022-02-06 18-10-46.jpg" func="main.go:154" file="main.(*Handler).SavefotoAOI.func1()"
time="2022-02-06T18:10:54+03:00" level=info msg="Save file: C:/Users/Евгений/Code/github.com/eugenefoxx/savePictureAOIMertec/internal/folder/saveFoto/2AQC622457019714/2AQC622457019714-time-2022-02-06 18-10-54.jpg" func="main.go:154" file="main.(*Handler).SavefotoAOI.func1()"
time="2022-02-06T20:36:38+03:00" level=info msg="Запускаем конфигурацию переменной окружения." func="main.go:32" file="main.init.0()"
time="2022-02-06T20:36:55+03:00" level=info msg="Запускаем конфигурацию переменной окружения." func="main.go:32" file="main.init.0()"
time="2022-02-06T20:45:36+03:00" level=info msg="Запускаем конфигурацию переменной окружения." func="main.go:32" file="main.init.0()"
time="2022-02-06T20:45:48+03:00" level=error msg="open : The system cannot find the file specified." func="main.go:119" file="main.(*Handler).SavefotoAOI.func1()"
time="2022-02-06T20:49:06+03:00" level=info msg="Запускаем конфигурацию переменной окружения." func="main.go:32" file="main.init.0()"
time="2022-02-06T20:49:16+03:00" level=error msg="open : The system cannot find the file specified." func="main.go:119" file="main.(*Handler).SavefotoAOI.func1()"
time="2022-02-06T20:50:14+03:00" level=info msg="Запускаем конфигурацию переменной окружения." func="main.go:32" file="main.init.0()"
time="2022-02-06T20:50:23+03:00" level=error msg="open : The system cannot find the file specified." func="main.go:119" file="main.(*Handler).SavefotoAOI.func1()"
time="2022-02-06T20:52:24+03:00" level=info msg="Запускаем конфигурацию переменной окружения." func="main.go:32" file="main.init.0()"
time="2022-02-06T20:52:33+03:00" level=info msg="Save file: C:/Users/Евгений/Code/github.com/eugenefoxx/savePictureAOIMertec/internal/folder/saveFoto/2AQC622457019710/2AQC622457019710-time-2022-02-06 20-52-33.jpg" func="main.go:155" file="main.(*Handler).SavefotoAOI.func1()"
